#
# A fatal error has been detected by the Java Runtime Environment:
#
#  Internal Error (javaClasses.cpp:136), pid=5560, tid=5044
#  fatal error: Invalid layout of preloaded class
#
# JRE version:  (7.0_67-b01) (build )
# Java VM: Java HotSpot(TM) 64-Bit Server VM (24.65-b04 mixed mode windows-amd64 compressed oops)
# Failed to write core dump. Minidumps are not enabled by default on client versions of Windows
#
# If you would like to submit a bug report, please visit:
#   http://bugreport.sun.com/bugreport/crash.jsp
#

---------------  T H R E A D  ---------------

Current thread (0x0000000001e2e800):  JavaThread "Unknown thread" [_thread_in_vm, id=5044, stack(0x00000000028b0000,0x00000000029b0000)]

Stack: [0x00000000028b0000,0x00000000029b0000]
[error occurred during error reporting (printing stack bounds), id 0xc0000005]


---------------  P R O C E S S  ---------------

Java Threads: ( => current thread )

Other Threads:

=>0x0000000001e2e800 (exited) JavaThread "Unknown thread" [_thread_in_vm, id=5044, stack(0x00000000028b0000,0x00000000029b0000)]

VM state:not at safepoint (not fully initialized)

VM Mutex/Monitor currently owned by a thread: None

GC Heap History (0 events):
No events

Deoptimization events (0 events):
No events

Internal exceptions (0 events):
No events

Events (10 events):
Event: 0.009 loading class 0x00000000025cd100 done
Event: 0.009 loading class 0x00000000025ccb20 done
Event: 0.009 loading class 0x00000000025ccb00
Event: 0.009 loading class 0x00000000025d4c50
Event: 0.009 loading class 0x00000000025d4c50 done
Event: 0.009 loading class 0x00000000025d4c80
Event: 0.009 loading class 0x00000000025d4c80 done
Event: 0.009 loading class 0x00000000025d4cb0
Event: 0.009 loading class 0x00000000025d4cb0 done
Event: 0.009 loading class 0x00000000025ccb00 done


Dynamic libraries:
0x000000013faf0000 - 0x000000013fb23000 	C:\Program Files\Java\jre7\bin\javaw.exe
0x0000000077010000 - 0x00000000771b9000 	C:\Windows\SYSTEM32\ntdll.dll
0x0000000076ef0000 - 0x000000007700f000 	C:\Windows\system32\kernel32.dll
0x000007fefceb0000 - 0x000007fefcf1c000 	C:\Windows\system32\KERNELBASE.dll
0x000007fefe970000 - 0x000007fefea4b000 	C:\Windows\system32\ADVAPI32.dll
0x000007fefebc0000 - 0x000007fefec5f000 	C:\Windows\system32\msvcrt.dll
0x000007feff300000 - 0x000007feff31f000 	C:\Windows\SYSTEM32\sechost.dll
0x000007fefd210000 - 0x000007fefd33d000 	C:\Windows\system32\RPCRT4.dll
0x0000000076cb0000 - 0x0000000076daa000 	C:\Windows\system32\USER32.dll
0x000007fefd190000 - 0x000007fefd1f7000 	C:\Windows\system32\GDI32.dll
0x000007fefd200000 - 0x000007fefd20e000 	C:\Windows\system32\LPK.dll
0x000007fefead0000 - 0x000007fefeb99000 	C:\Windows\system32\USP10.dll
0x000007fefb560000 - 0x000007fefb754000 	C:\Windows\WinSxS\amd64_microsoft.windows.common-controls_6595b64144ccf1df_6.0.7601.17514_none_fa396087175ac9ac\COMCTL32.dll
0x000007fefd840000 - 0x000007fefd8b1000 	C:\Windows\system32\SHLWAPI.dll
0x000007fefd9c0000 - 0x000007fefd9ee000 	C:\Windows\system32\IMM32.DLL
0x000007fefd340000 - 0x000007fefd449000 	C:\Windows\system32\MSCTF.dll
0x000007fefcc90000 - 0x000007fefccd4000 	C:\Windows\system32\nvinitx.dll
0x0000000064740000 - 0x0000000064812000 	C:\Program Files\Java\jre7\bin\msvcr100.dll
0x0000000060290000 - 0x0000000060a62000 	C:\Program Files\Java\jre7\bin\server\jvm.dll
0x000007fefbcf0000 - 0x000007fefbcf9000 	C:\Windows\system32\WSOCK32.dll
0x000007fefd580000 - 0x000007fefd5cd000 	C:\Windows\system32\WS2_32.dll
0x000007fefd9f0000 - 0x000007fefd9f8000 	C:\Windows\system32\NSI.dll
0x000007fefcd90000 - 0x000007fefcdcb000 	C:\Windows\system32\WINMM.dll
0x00000000771d0000 - 0x00000000771d7000 	C:\Windows\system32\PSAPI.DLL
0x000000006ac30000 - 0x000000006ac3f000 	C:\Program Files\Java\jre7\bin\verify.dll
0x00000000661c0000 - 0x00000000661e8000 	C:\Program Files\Java\jre7\bin\java.dll
0x0000000065ef0000 - 0x0000000065f05000 	C:\Program Files\Java\jre7\bin\zip.dll

VM Arguments:
jvm_args: -Dfile.encoding=UTF-8 -Xbootclasspath:F:\adt-bundle-windows-x86_64-20140702\sdk\platforms\android-19\android.jar 
java_command: com.xixixi.sweetweather.test.BaiduConverterTest
Launcher Type: SUN_STANDARD

Environment Variables:
JAVA_HOME=C:\Program Files\Java\jdk1.7.0_67
CLASSPATH=.;C:\Program Files\Java\jdk1.7.0_67\lib;C:\Program Files\Java\jdk1.7.0_67\lib\tools.jar;C:\Program Files\Java\jdk1.7.0_67\lib\mysql-connector-java-5.1.20-bin.jar;E:\otherCodes\androidCode\JADE-bin-3.6.1\jade\lib\http.jar;E:\otherCodes\androidCode\JADE-bin-3.6.1\jade\lib\iiop.jar;E:\otherCodes\androidCode\JADE-bin-3.6.1\jade\lib\jade.jar;E:\otherCodes\androidCode\JADE-bin-3.6.1\jade\lib\jadeTools.jar;E:\otherCodes\androidCode\JADE-bin-3.6.1\jade\lib\commons-codec\commons-codec-1.3.jar
PATH=1DCROOT;D:\Perl\bin;D:\Perl\site\bin;C:\Program Files\Broadcom\Broadcom 802.11 Network Adapter\Driver;C:\Program Files (x86)\NVIDIA Corporation\PhysX\Common;C:\Windows\system32;C:\Windows;C:\Windows\System32\Wbem;C:\Windows\System32\WindowsPowerShell\v1.0\;C:\Program Files (x86)\Intel\OpenCL SDK\2.0\bin\x86;C:\Program Files $(x86$)\Intel\OpenCL SDK\2.0\bin\x64;C:\Program Files\Java\jdk1.7.0_67\bin;C:\Program Files\Java\jdk1.7.0_67\jre\bin;C:\Program Files\MySQL\MySQL Server 5.5\bin;C:\Program Files (x86)\Microsoft SQL Server\100\Tools\Binn\;C:\Program Files\Microsoft SQL Server\100\Tools\Binn\;C:\Program Files\Microsoft SQL Server\100\DTS\Binn\;C:\Program Files\Microsoft\Web Platform Installer\;D:\Program Files\TortoiseSVN\bin;D:\Program Files\MATLAB\R2012b\runtime\win64;D:\Program Files\MATLAB\R2012b\bin;D:\Program Files (x86)\Microsoft Visual Studio 10.0\Common7\Tools;D:\htk\bin.win32;D:\Program Files\apache-maven-3.2.3\bin
USERNAME=Administrator
OS=Windows_NT
PROCESSOR_IDENTIFIER=Intel64 Family 6 Model 58 Stepping 9, GenuineIntel



---------------  S Y S T E M  ---------------

OS: Windows 7 , 64 bit Build 7601 Service Pack 1

CPU:total 4 (2 cores per cpu, 2 threads per core) family 6 model 58 stepping 9, cmov, cx8, fxsr, mmx, sse, sse2, sse3, ssse3, sse4.1, sse4.2, popcnt, avx, aes, erms, ht, tsc, tscinvbit, tscinv

Memory: 4k page, physical 6125932k(2615404k free), swap 12250000k(7467496k free)

vm_info: Java HotSpot(TM) 64-Bit Server VM (24.65-b04) for windows-amd64 JRE (1.7.0_67-b01), built on Jul 25 2014 08:55:00 by "java_re" with unknown MS VC++:1600

time: Sun Oct 05 21:33:00 2014
elapsed time: 0 seconds

